2023-09-18 15:15:53.752 +05:00 [Error] [SamidApp.Api.Middlewares.MarketExceptionMiddleware] [] System.TypeInitializationException: The type initializer for 'System.IdentityModel.Tokens.Jwt.JsonExtensions' threw an exception.
 ---> System.TypeLoadException: Could not load type 'Microsoft.IdentityModel.Json.JsonConvert' from assembly 'Microsoft.IdentityModel.Tokens, Version=7.0.0.0, Culture=neutral, PublicKeyToken=31bf3856ad364e35'.
   at System.IdentityModel.Tokens.Jwt.JsonExtensions..cctor()
   --- End of inner exception stack trace ---
   at System.IdentityModel.Tokens.Jwt.JsonExtensions.get_Serializer()
   at System.IdentityModel.Tokens.Jwt.JsonExtensions.SerializeToJson(Object value)
   at System.IdentityModel.Tokens.Jwt.JwtHeader.SerializeToJson()
   at System.IdentityModel.Tokens.Jwt.JwtHeader.Base64UrlEncode()
   at System.IdentityModel.Tokens.Jwt.JwtSecurityTokenHandler.CreateJwtSecurityTokenPrivate(String issuer, String audience, ClaimsIdentity subject, Nullable`1 notBefore, Nullable`1 expires, Nullable`1 issuedAt, SigningCredentials signingCredentials, EncryptingCredentials encryptingCredentials, IDictionary`2 claimCollection, String tokenType)
   at System.IdentityModel.Tokens.Jwt.JwtSecurityTokenHandler.CreateToken(SecurityTokenDescriptor tokenDescriptor)
   at SamidApp.Service.Services.AuthService.GenerateTokenAsync(String login, String password) in C:\Users\Muhammad\MarketApp\SamidApp.Service\Services\AuthService.cs:line 40
   at SamidApp.Api.Controllers.AuthController.Login(UserForLoginDto dto) in C:\Users\Muhammad\MarketApp\SamidApp.Api\Controllers\AuthController.cs:line 18
   at Microsoft.AspNetCore.Mvc.Infrastructure.ActionMethodExecutor.TaskOfIActionResultExecutor.Execute(IActionResultTypeMapper mapper, ObjectMethodExecutor executor, Object controller, Object[] arguments)
   at Microsoft.AspNetCore.Mvc.Infrastructure.ControllerActionInvoker.<InvokeActionMethodAsync>g__Awaited|12_0(ControllerActionInvoker invoker, ValueTask`1 actionResultValueTask)
   at Microsoft.AspNetCore.Mvc.Infrastructure.ControllerActionInvoker.<InvokeNextActionFilterAsync>g__Awaited|10_0(ControllerActionInvoker invoker, Task lastTask, State next, Scope scope, Object state, Boolean isCompleted)
   at Microsoft.AspNetCore.Mvc.Infrastructure.ControllerActionInvoker.Rethrow(ActionExecutedContextSealed context)
   at Microsoft.AspNetCore.Mvc.Infrastructure.ControllerActionInvoker.Next(State& next, Scope& scope, Object& state, Boolean& isCompleted)
   at Microsoft.AspNetCore.Mvc.Infrastructure.ControllerActionInvoker.InvokeInnerFilterAsync()
--- End of stack trace from previous location ---
   at Microsoft.AspNetCore.Mvc.Infrastructure.ResourceInvoker.<InvokeFilterPipelineAsync>g__Awaited|20_0(ResourceInvoker invoker, Task lastTask, State next, Scope scope, Object state, Boolean isCompleted)
   at Microsoft.AspNetCore.Mvc.Infrastructure.ResourceInvoker.<InvokeAsync>g__Awaited|17_0(ResourceInvoker invoker, Task task, IDisposable scope)
   at Microsoft.AspNetCore.Mvc.Infrastructure.ResourceInvoker.<InvokeAsync>g__Awaited|17_0(ResourceInvoker invoker, Task task, IDisposable scope)
   at Microsoft.AspNetCore.Routing.EndpointMiddleware.<Invoke>g__AwaitRequestTask|6_0(Endpoint endpoint, Task requestTask, ILogger logger)
   at Microsoft.AspNetCore.Authorization.AuthorizationMiddleware.Invoke(HttpContext context)
   at Microsoft.AspNetCore.Authentication.AuthenticationMiddleware.Invoke(HttpContext context)
   at SamidApp.Api.Middlewares.MarketExceptionMiddleware.Invoke(HttpContext context) in C:\Users\Muhammad\MarketApp\SamidApp.Api\Middlewares\MarketExceptionMiddleware.cs:line 19
